# JRE version: Java(TM) SE Runtime Environment (23.0.1+11) (build 23.0.1+11-39)
# Java VM: Java HotSpot(TM) 64-Bit Server VM (23.0.1+11-39, mixed mode, sharing, tiered, compressed oops, compressed class ptrs, g1 gc, bsd-amd64)
Heap:
 garbage-first heap   total reserved 2097152K, committed 133120K, used 5522K [0x0000000780000000, 0x0000000800000000)
  region size 1024K, 2 young (2048K), 1 survivors (1024K)
 Metaspace       used 9778K, committed 10048K, reserved 1114112K
  class space    used 1079K, committed 1216K, reserved 1048576K
GC Heap History (20 events):
Event: 7032.277 GC heap before
{Heap before GC invocations=477 (full 0):
 garbage-first heap   total reserved 2097152K, committed 133120K, used 81800K [0x0000000780000000, 0x0000000800000000)
  region size 1024K, 76 young (77824K), 1 survivors (1024K)
 Metaspace       used 9778K, committed 10048K, reserved 1114112K
  class space    used 1079K, committed 1216K, reserved 1048576K
}
Event: 7032.281 GC heap after
{Heap after GC invocations=478 (full 0):
 garbage-first heap   total reserved 2097152K, committed 133120K, used 5004K [0x0000000780000000, 0x0000000800000000)
  region size 1024K, 1 young (1024K), 1 survivors (1024K)
 Metaspace       used 9778K, committed 10048K, reserved 1114112K
  class space    used 1079K, committed 1216K, reserved 1048576K
}
Event: 7046.321 GC heap before
{Heap before GC invocations=478 (full 0):
 garbage-first heap   total reserved 2097152K, committed 133120K, used 81804K [0x0000000780000000, 0x0000000800000000)
  region size 1024K, 76 young (77824K), 1 survivors (1024K)
 Metaspace       used 9778K, committed 10048K, reserved 1114112K
  class space    used 1079K, committed 1216K, reserved 1048576K
}
Event: 7046.325 GC heap after
{Heap after GC invocations=479 (full 0):
 garbage-first heap   total reserved 2097152K, committed 133120K, used 5004K [0x0000000780000000, 0x0000000800000000)
  region size 1024K, 1 young (1024K), 1 survivors (1024K)
 Metaspace       used 9778K, committed 10048K, reserved 1114112K
  class space    used 1079K, committed 1216K, reserved 1048576K
}
Event: 7060.507 GC heap before
{Heap before GC invocations=479 (full 0):
 garbage-first heap   total reserved 2097152K, committed 133120K, used 81804K [0x0000000780000000, 0x0000000800000000)
  region size 1024K, 76 young (77824K), 1 survivors (1024K)
 Metaspace       used 9778K, committed 10048K, reserved 1114112K
  class space    used 1079K, committed 1216K, reserved 1048576K
}
Event: 7060.511 GC heap after
{Heap after GC invocations=480 (full 0):
 garbage-first heap   total reserved 2097152K, committed 133120K, used 5002K [0x0000000780000000, 0x0000000800000000)
  region size 1024K, 1 young (1024K), 1 survivors (1024K)
 Metaspace       used 9778K, committed 10048K, reserved 1114112K
  class space    used 1079K, committed 1216K, reserved 1048576K
}
Event: 7074.542 GC heap before
{Heap before GC invocations=480 (full 0):
 garbage-first heap   total reserved 2097152K, committed 133120K, used 81802K [0x0000000780000000, 0x0000000800000000)
  region size 1024K, 76 young (77824K), 1 survivors (1024K)
 Metaspace       used 9778K, committed 10048K, reserved 1114112K
  class space    used 1079K, committed 1216K, reserved 1048576K
}
Event: 7074.562 GC heap after
{Heap after GC invocations=481 (full 0):
 garbage-first heap   total reserved 2097152K, committed 133120K, used 4998K [0x0000000780000000, 0x0000000800000000)
  region size 1024K, 1 young (1024K), 1 survivors (1024K)
 Metaspace       used 9778K, committed 10048K, reserved 1114112K
  class space    used 1079K, committed 1216K, reserved 1048576K
}
Event: 7088.513 GC heap before
{Heap before GC invocations=481 (full 0):
 garbage-first heap   total reserved 2097152K, committed 133120K, used 81798K [0x0000000780000000, 0x0000000800000000)
  region size 1024K, 76 young (77824K), 1 survivors (1024K)
 Metaspace       used 9778K, committed 10048K, reserved 1114112K
  class space    used 1079K, committed 1216K, reserved 1048576K
}
Event: 7088.519 GC heap after
{Heap after GC invocations=482 (full 0):
 garbage-first heap   total reserved 2097152K, committed 133120K, used 5002K [0x0000000780000000, 0x0000000800000000)
  region size 1024K, 1 young (1024K), 1 survivors (1024K)
 Metaspace       used 9778K, committed 10048K, reserved 1114112K
  class space    used 1079K, committed 1216K, reserved 1048576K
}
Event: 7116.721 GC heap before
{Heap before GC invocations=482 (full 0):
 garbage-first heap   total reserved 2097152K, committed 133120K, used 81802K [0x0000000780000000, 0x0000000800000000)
  region size 1024K, 76 young (77824K), 1 survivors (1024K)
 Metaspace       used 9778K, committed 10048K, reserved 1114112K
  class space    used 1079K, committed 1216K, reserved 1048576K
}
Event: 7116.727 GC heap after
{Heap after GC invocations=483 (full 0):
 garbage-first heap   total reserved 2097152K, committed 133120K, used 5004K [0x0000000780000000, 0x0000000800000000)
  region size 1024K, 1 young (1024K), 1 survivors (1024K)
 Metaspace       used 9778K, committed 10048K, reserved 1114112K
  class space    used 1079K, committed 1216K, reserved 1048576K
}
Event: 7131.386 GC heap before
{Heap before GC invocations=483 (full 0):
 garbage-first heap   total reserved 2097152K, committed 133120K, used 81804K [0x0000000780000000, 0x0000000800000000)
  region size 1024K, 76 young (77824K), 1 survivors (1024K)
 Metaspace       used 9778K, committed 10048K, reserved 1114112K
  class space    used 1079K, committed 1216K, reserved 1048576K
}
Event: 7131.387 GC heap after
{Heap after GC invocations=484 (full 0):
 garbage-first heap   total reserved 2097152K, committed 133120K, used 5002K [0x0000000780000000, 0x0000000800000000)
  region size 1024K, 1 young (1024K), 1 survivors (1024K)
 Metaspace       used 9778K, committed 10048K, reserved 1114112K
  class space    used 1079K, committed 1216K, reserved 1048576K
}
Event: 7144.464 GC heap before
{Heap before GC invocations=484 (full 0):
 garbage-first heap   total reserved 2097152K, committed 133120K, used 81802K [0x0000000780000000, 0x0000000800000000)
  region size 1024K, 76 young (77824K), 1 survivors (1024K)
 Metaspace       used 9778K, committed 10048K, reserved 1114112K
  class space    used 1079K, committed 1216K, reserved 1048576K
}
Event: 7144.467 GC heap after
{Heap after GC invocations=485 (full 0):
 garbage-first heap   total reserved 2097152K, committed 133120K, used 5000K [0x0000000780000000, 0x0000000800000000)
  region size 1024K, 1 young (1024K), 1 survivors (1024K)
 Metaspace       used 9778K, committed 10048K, reserved 1114112K
  class space    used 1079K, committed 1216K, reserved 1048576K
}
Event: 7157.121 GC heap before
{Heap before GC invocations=485 (full 0):
 garbage-first heap   total reserved 2097152K, committed 133120K, used 81800K [0x0000000780000000, 0x0000000800000000)
  region size 1024K, 76 young (77824K), 1 survivors (1024K)
 Metaspace       used 9778K, committed 10048K, reserved 1114112K
  class space    used 1079K, committed 1216K, reserved 1048576K
}
Event: 7157.122 GC heap after
{Heap after GC invocations=486 (full 0):
 garbage-first heap   total reserved 2097152K, committed 133120K, used 5002K [0x0000000780000000, 0x0000000800000000)
  region size 1024K, 1 young (1024K), 1 survivors (1024K)
 Metaspace       used 9778K, committed 10048K, reserved 1114112K
  class space    used 1079K, committed 1216K, reserved 1048576K
}
Event: 7169.686 GC heap before
{Heap before GC invocations=486 (full 0):
 garbage-first heap   total reserved 2097152K, committed 133120K, used 81802K [0x0000000780000000, 0x0000000800000000)
  region size 1024K, 76 young (77824K), 1 survivors (1024K)
 Metaspace       used 9778K, committed 10048K, reserved 1114112K
  class space    used 1079K, committed 1216K, reserved 1048576K
}
Event: 7169.687 GC heap after
{Heap after GC invocations=487 (full 0):
 garbage-first heap   total reserved 2097152K, committed 133120K, used 5004K [0x0000000780000000, 0x0000000800000000)
  region size 1024K, 1 young (1024K), 1 survivors (1024K)
 Metaspace       used 9778K, committed 10048K, reserved 1114112K
  class space    used 1079K, committed 1216K, reserved 1048576K
}

