# JRE version: Java(TM) SE Runtime Environment (23.0.1+11) (build 23.0.1+11-39)
# Java VM: Java HotSpot(TM) 64-Bit Server VM (23.0.1+11-39, mixed mode, sharing, tiered, compressed oops, compressed class ptrs, g1 gc, bsd-amd64)
Heap:
 garbage-first heap   total reserved 2097152K, committed 133120K, used 52539K [0x0000000780000000, 0x0000000800000000)
  region size 1024K, 22 young (22528K), 3 survivors (3072K)
 Metaspace       used 11252K, committed 11520K, reserved 1114112K
  class space    used 1229K, committed 1344K, reserved 1048576K
GC Heap History (20 events):
Event: 64.466 GC heap before
{Heap before GC invocations=7 (full 0):
 garbage-first heap   total reserved 2097152K, committed 133120K, used 100342K [0x0000000780000000, 0x0000000800000000)
  region size 1024K, 68 young (69632K), 4 survivors (4096K)
 Metaspace       used 11243K, committed 11520K, reserved 1114112K
  class space    used 1229K, committed 1344K, reserved 1048576K
}
Event: 64.476 GC heap after
{Heap after GC invocations=8 (full 0):
 garbage-first heap   total reserved 2097152K, committed 133120K, used 34574K [0x0000000780000000, 0x0000000800000000)
  region size 1024K, 3 young (3072K), 3 survivors (3072K)
 Metaspace       used 11243K, committed 11520K, reserved 1114112K
  class space    used 1229K, committed 1344K, reserved 1048576K
}
Event: 73.286 GC heap before
{Heap before GC invocations=8 (full 0):
 garbage-first heap   total reserved 2097152K, committed 133120K, used 104206K [0x0000000780000000, 0x0000000800000000)
  region size 1024K, 71 young (72704K), 3 survivors (3072K)
 Metaspace       used 11243K, committed 11520K, reserved 1114112K
  class space    used 1229K, committed 1344K, reserved 1048576K
}
Event: 73.303 GC heap after
{Heap after GC invocations=9 (full 0):
 garbage-first heap   total reserved 2097152K, committed 133120K, used 34437K [0x0000000780000000, 0x0000000800000000)
  region size 1024K, 3 young (3072K), 3 survivors (3072K)
 Metaspace       used 11243K, committed 11520K, reserved 1114112K
  class space    used 1229K, committed 1344K, reserved 1048576K
}
Event: 82.137 GC heap before
{Heap before GC invocations=9 (full 0):
 garbage-first heap   total reserved 2097152K, committed 133120K, used 106117K [0x0000000780000000, 0x0000000800000000)
  region size 1024K, 73 young (74752K), 3 survivors (3072K)
 Metaspace       used 11243K, committed 11520K, reserved 1114112K
  class space    used 1229K, committed 1344K, reserved 1048576K
}
Event: 82.142 GC heap after
{Heap after GC invocations=10 (full 0):
 garbage-first heap   total reserved 2097152K, committed 133120K, used 34526K [0x0000000780000000, 0x0000000800000000)
  region size 1024K, 3 young (3072K), 3 survivors (3072K)
 Metaspace       used 11243K, committed 11520K, reserved 1114112K
  class space    used 1229K, committed 1344K, reserved 1048576K
}
Event: 91.694 GC heap before
{Heap before GC invocations=10 (full 0):
 garbage-first heap   total reserved 2097152K, committed 133120K, used 109278K [0x0000000780000000, 0x0000000800000000)
  region size 1024K, 76 young (77824K), 3 survivors (3072K)
 Metaspace       used 11243K, committed 11520K, reserved 1114112K
  class space    used 1229K, committed 1344K, reserved 1048576K
}
Event: 91.702 GC heap after
{Heap after GC invocations=11 (full 0):
 garbage-first heap   total reserved 2097152K, committed 133120K, used 34373K [0x0000000780000000, 0x0000000800000000)
  region size 1024K, 3 young (3072K), 3 survivors (3072K)
 Metaspace       used 11243K, committed 11520K, reserved 1114112K
  class space    used 1229K, committed 1344K, reserved 1048576K
}
Event: 101.052 GC heap before
{Heap before GC invocations=11 (full 0):
 garbage-first heap   total reserved 2097152K, committed 133120K, used 109125K [0x0000000780000000, 0x0000000800000000)
  region size 1024K, 76 young (77824K), 3 survivors (3072K)
 Metaspace       used 11247K, committed 11520K, reserved 1114112K
  class space    used 1229K, committed 1344K, reserved 1048576K
}
Event: 101.059 GC heap after
{Heap after GC invocations=12 (full 0):
 garbage-first heap   total reserved 2097152K, committed 133120K, used 34257K [0x0000000780000000, 0x0000000800000000)
  region size 1024K, 3 young (3072K), 3 survivors (3072K)
 Metaspace       used 11247K, committed 11520K, reserved 1114112K
  class space    used 1229K, committed 1344K, reserved 1048576K
}
Event: 110.870 GC heap before
{Heap before GC invocations=12 (full 0):
 garbage-first heap   total reserved 2097152K, committed 133120K, used 109009K [0x0000000780000000, 0x0000000800000000)
  region size 1024K, 76 young (77824K), 3 survivors (3072K)
 Metaspace       used 11247K, committed 11520K, reserved 1114112K
  class space    used 1229K, committed 1344K, reserved 1048576K
}
Event: 110.874 GC heap after
{Heap after GC invocations=13 (full 0):
 garbage-first heap   total reserved 2097152K, committed 133120K, used 34162K [0x0000000780000000, 0x0000000800000000)
  region size 1024K, 3 young (3072K), 3 survivors (3072K)
 Metaspace       used 11247K, committed 11520K, reserved 1114112K
  class space    used 1229K, committed 1344K, reserved 1048576K
}
Event: 123.220 GC heap before
{Heap before GC invocations=13 (full 0):
 garbage-first heap   total reserved 2097152K, committed 133120K, used 108914K [0x0000000780000000, 0x0000000800000000)
  region size 1024K, 76 young (77824K), 3 survivors (3072K)
 Metaspace       used 11247K, committed 11520K, reserved 1114112K
  class space    used 1229K, committed 1344K, reserved 1048576K
}
Event: 123.225 GC heap after
{Heap after GC invocations=14 (full 0):
 garbage-first heap   total reserved 2097152K, committed 133120K, used 34184K [0x0000000780000000, 0x0000000800000000)
  region size 1024K, 3 young (3072K), 3 survivors (3072K)
 Metaspace       used 11247K, committed 11520K, reserved 1114112K
  class space    used 1229K, committed 1344K, reserved 1048576K
}
Event: 157.263 GC heap before
{Heap before GC invocations=14 (full 0):
 garbage-first heap   total reserved 2097152K, committed 133120K, used 108936K [0x0000000780000000, 0x0000000800000000)
  region size 1024K, 76 young (77824K), 3 survivors (3072K)
 Metaspace       used 11252K, committed 11520K, reserved 1114112K
  class space    used 1229K, committed 1344K, reserved 1048576K
}
Event: 157.310 GC heap after
{Heap after GC invocations=15 (full 0):
 garbage-first heap   total reserved 2097152K, committed 133120K, used 34104K [0x0000000780000000, 0x0000000800000000)
  region size 1024K, 3 young (3072K), 3 survivors (3072K)
 Metaspace       used 11252K, committed 11520K, reserved 1114112K
  class space    used 1229K, committed 1344K, reserved 1048576K
}
Event: 193.574 GC heap before
{Heap before GC invocations=15 (full 0):
 garbage-first heap   total reserved 2097152K, committed 133120K, used 108856K [0x0000000780000000, 0x0000000800000000)
  region size 1024K, 76 young (77824K), 3 survivors (3072K)
 Metaspace       used 11252K, committed 11520K, reserved 1114112K
  class space    used 1229K, committed 1344K, reserved 1048576K
}
Event: 193.577 GC heap after
{Heap after GC invocations=16 (full 0):
 garbage-first heap   total reserved 2097152K, committed 133120K, used 34084K [0x0000000780000000, 0x0000000800000000)
  region size 1024K, 3 young (3072K), 3 survivors (3072K)
 Metaspace       used 11252K, committed 11520K, reserved 1114112K
  class space    used 1229K, committed 1344K, reserved 1048576K
}
Event: 205.607 GC heap before
{Heap before GC invocations=16 (full 0):
 garbage-first heap   total reserved 2097152K, committed 133120K, used 108836K [0x0000000780000000, 0x0000000800000000)
  region size 1024K, 76 young (77824K), 3 survivors (3072K)
 Metaspace       used 11252K, committed 11520K, reserved 1114112K
  class space    used 1229K, committed 1344K, reserved 1048576K
}
Event: 205.609 GC heap after
{Heap after GC invocations=17 (full 0):
 garbage-first heap   total reserved 2097152K, committed 133120K, used 34086K [0x0000000780000000, 0x0000000800000000)
  region size 1024K, 3 young (3072K), 3 survivors (3072K)
 Metaspace       used 11252K, committed 11520K, reserved 1114112K
  class space    used 1229K, committed 1344K, reserved 1048576K
}

